   Compiling scop42 v0.1.0 (/home/mendes/Documents/scop42)
    Finished `dev` profile [unoptimized + debuginfo] target(s) in 1.10s
     Running `target/debug/scop42`
[1822649.352]  -> wl_display@1.get_registry(new id wl_registry@2)
[1822649.368]  -> wl_display@1.sync(new id wl_callback@3)
[1822649.569] wl_display@1.delete_id(3)
[1822649.579] wl_registry@2.global(1, "wl_compositor", 5)
[1822649.602] wl_registry@2.global(2, "wl_drm", 2)
[1822649.605] wl_registry@2.global(3, "wl_shm", 1)
[1822649.607] wl_registry@2.global(4, "wl_output", 3)
[1822649.610] wl_registry@2.global(5, "zxdg_output_manager_v1", 3)
[1822649.613] wl_registry@2.global(6, "wl_data_device_manager", 3)
[1822649.616] wl_registry@2.global(7, "zwp_primary_selection_device_manager_v1", 1)
[1822649.618] wl_registry@2.global(8, "wl_subcompositor", 1)
[1822649.621] wl_registry@2.global(9, "xdg_wm_base", 4)
[1822649.623] wl_registry@2.global(10, "gtk_shell1", 5)
[1822649.626] wl_registry@2.global(11, "wp_viewporter", 1)
[1822649.629] wl_registry@2.global(12, "zwp_pointer_gestures_v1", 3)
[1822649.631] wl_registry@2.global(13, "zwp_tablet_manager_v2", 1)
[1822649.634] wl_registry@2.global(14, "wl_seat", 8)
[1822649.636] wl_registry@2.global(15, "zwp_relative_pointer_manager_v1", 1)
[1822649.639] wl_registry@2.global(16, "zwp_pointer_constraints_v1", 1)
[1822649.641] wl_registry@2.global(17, "zxdg_exporter_v1", 1)
[1822649.644] wl_registry@2.global(18, "zxdg_importer_v1", 1)
[1822649.646] wl_registry@2.global(19, "zwp_linux_dmabuf_v1", 4)
[1822649.649] wl_registry@2.global(20, "wp_single_pixel_buffer_manager_v1", 1)
[1822649.651] wl_registry@2.global(21, "zwp_keyboard_shortcuts_inhibit_manager_v1", 1)
[1822649.654] wl_registry@2.global(22, "zwp_text_input_manager_v3", 1)
[1822649.657] wl_registry@2.global(23, "wp_presentation", 1)
[1822649.659] wl_registry@2.global(24, "xdg_activation_v1", 1)
[1822649.662] wl_callback@3.done(20103)
[1822649.725]  -> wl_registry@2.bind(1, "wl_compositor", 5, new id [unknown]@3)
[1822649.743]  -> wl_registry@2.bind(8, "wl_subcompositor", 1, new id [unknown]@4)
[1822649.750]  -> wl_registry@2.bind(4, "wl_output", 3, new id [unknown]@5)
[1822649.762]  -> wl_registry@2.bind(5, "zxdg_output_manager_v1", 3, new id [unknown]@6)
[1822649.782]  -> zxdg_output_manager_v1@6.get_xdg_output(new id zxdg_output_v1@7, wl_output@5)
[1822649.795]  -> wl_registry@2.bind(14, "wl_seat", 7, new id [unknown]@8)
[1822649.823]  -> wl_registry@2.bind(3, "wl_shm", 1, new id [unknown]@9)
[1822649.833]  -> wl_registry@2.bind(9, "xdg_wm_base", 4, new id [unknown]@10)
[1822649.840]  -> wl_registry@2.bind(24, "xdg_activation_v1", 1, new id [unknown]@11)
[1822649.849]  -> wl_registry@2.bind(22, "zwp_text_input_manager_v3", 1, new id [unknown]@12)
[1822649.854]  -> wl_registry@2.bind(15, "zwp_relative_pointer_manager_v1", 1, new id [unknown]@13)
[1822649.860]  -> wl_registry@2.bind(16, "zwp_pointer_constraints_v1", 1, new id [unknown]@14)
[1822649.868]  -> wl_display@1.sync(new id wl_callback@15)
[1822650.085] wl_display@1.delete_id(15)
[1822650.091] wl_output@5.geometry(0, 0, 300, 190, 0, "SDC", "0x4171", 0)
[1822650.101] wl_output@5.mode(3, 2880, 1800, 90001)
[1822650.103] wl_output@5.scale(1)
[1822650.104] wl_output@5.done()
[1822650.105] zxdg_output_v1@7.logical_position(0, 0)
[1822650.109] zxdg_output_v1@7.logical_size(2880, 1800)
[1822650.111] zxdg_output_v1@7.name("eDP-1")
[1822650.112] zxdg_output_v1@7.description("Built-in display")
[1822650.113] wl_output@5.done()
[1822650.115] wl_seat@8.capabilities(7)
[1822650.118] wl_seat@8.name("seat0")
[1822650.119] wl_shm@9.format(0)
[1822650.121] wl_shm@9.format(1)
[1822650.122] wl_shm@9.format(875708993)
[1822650.123] wl_shm@9.format(875709016)
[1822650.124] wl_shm@9.format(909199186)
[1822650.125] wl_shm@9.format(808669761)
[1822650.128] wl_shm@9.format(808669784)
[1822650.129] wl_shm@9.format(808665665)
[1822650.130] wl_shm@9.format(808665688)
[1822650.131] wl_shm@9.format(1211388481)
[1822650.132] wl_shm@9.format(1211388504)
[1822650.133] wl_shm@9.format(1211384385)
[1822650.134] wl_shm@9.format(1211384408)
[1822650.135] wl_callback@15.done(20103)
[1822650.174]  -> wl_seat@8.get_keyboard(new id wl_keyboard@15)
[1822651.948]  -> zwp_text_input_manager_v3@12.get_text_input(new id zwp_text_input_v3@16, wl_seat@8)
[1822651.963]  -> wl_compositor@3.create_surface(new id wl_surface@17)
[1822651.972]  -> wl_seat@8.get_pointer(new id wl_pointer@18)
[1822652.005]  -> zwp_relative_pointer_manager_v1@13.get_relative_pointer(new id zwp_relative_pointer_v1@19, wl_pointer@18)
[1822652.014]  -> wl_seat@8.get_touch(new id wl_touch@20)
[1822652.066]  -> wl_compositor@3.create_surface(new id wl_surface@21)
[1822652.076]  -> xdg_wm_base@10.get_xdg_surface(new id xdg_surface@22, wl_surface@21)
[1822652.081]  -> xdg_surface@22.get_toplevel(new id xdg_toplevel@23)
[1822652.089]  -> wl_compositor@3.create_region(new id wl_region@24)
[1822652.096]  -> wl_region@24.add(0, 0, 2147483647, 2147483647)
[1822652.101]  -> wl_surface@21.set_opaque_region(wl_region@24)
[1822652.103]  -> wl_region@24.destroy()
[1822652.110]  -> xdg_toplevel@23.set_title("Hello window!")
[1822652.114]  -> xdg_toplevel@23.set_min_size(2, 1)
[1822652.117]  -> xdg_toplevel@23.set_max_size(0, 0)
[1822652.119]  -> wl_surface@21.commit()
[1822652.129]  -> wl_display@1.sync(new id wl_callback@25)
[1822653.813] wl_display@1.delete_id(24)
[1822653.822] wl_display@1.delete_id(25)
[1822653.823] wl_keyboard@15.keymap(1, fd 9, 72569)
[1822653.841] wl_keyboard@15.repeat_info(33, 500)
[1822653.842] xdg_toplevel@23.configure_bounds(2880, 1768)
[1822653.848] xdg_toplevel@23.configure(0, 0, array[0])
[1822653.855] xdg_surface@22.configure(194)
[1822653.859] wl_callback@25.done(20103)
[1822655.566]  -> xdg_surface@22.ack_configure(194)
[1822659.075]  -> wl_shm@9.create_pool(new id wl_shm_pool@25, fd 10, 1)
[1822659.113]  -> wl_compositor@3.create_surface(new id wl_surface@24)
[1822659.124]  -> wl_subcompositor@4.get_subsurface(new id wl_subsurface@26, wl_surface@24, wl_surface@21)
[1822659.133]  -> wl_subsurface@26.set_sync()
[1822659.137]  -> wl_compositor@3.create_surface(new id wl_surface@27)
[1822659.143]  -> wl_subcompositor@4.get_subsurface(new id wl_subsurface@28, wl_surface@27, wl_surface@21)
[1822659.147]  -> wl_subsurface@28.set_sync()
[1822659.151]  -> wl_compositor@3.create_surface(new id wl_surface@29)
[1822659.156]  -> wl_subcompositor@4.get_subsurface(new id wl_subsurface@30, wl_surface@29, wl_surface@21)
[1822659.167]  -> wl_subsurface@30.set_sync()
[1822659.171]  -> wl_compositor@3.create_surface(new id wl_surface@31)
[1822659.177]  -> wl_subcompositor@4.get_subsurface(new id wl_subsurface@32, wl_surface@31, wl_surface@21)
[1822659.181]  -> wl_subsurface@32.set_sync()
[1822659.186]  -> wl_compositor@3.create_surface(new id wl_surface@33)
[1822659.191]  -> wl_subcompositor@4.get_subsurface(new id wl_subsurface@34, wl_surface@33, wl_surface@21)
[1822659.197]  -> wl_subsurface@34.set_sync()
[1822670.801]  -> wl_compositor@3.create_region(new id wl_region@35)
[1822670.821]  -> wl_region@35.add(0, 0, 2147483647, 2147483647)
[1822670.827]  -> wl_surface@21.set_opaque_region(wl_region@35)
[1822670.830]  -> wl_region@35.destroy()
[1822670.841]  -> xdg_surface@22.set_window_geometry(0, -35, 800, 635)
[1822686.343]  -> wl_display@1.get_registry(new id wl_registry@2)
[1822686.593] wl_registry@2.global(1, "wl_compositor", 5)
[1822686.596] wl_registry@2.global(2, "wl_drm", 2)
[1822686.598]  -> wl_registry@2.bind(2, "wl_drm", 2, new id [unknown]@3)
[1822686.600] wl_registry@2.global(3, "wl_shm", 1)
[1822686.601] wl_registry@2.global(4, "wl_output", 3)
[1822686.602] wl_registry@2.global(5, "zxdg_output_manager_v1", 3)
[1822686.603] wl_registry@2.global(6, "wl_data_device_manager", 3)
[1822686.604] wl_registry@2.global(7, "zwp_primary_selection_device_manager_v1", 1)
[1822686.605] wl_registry@2.global(8, "wl_subcompositor", 1)
[1822686.606] wl_registry@2.global(9, "xdg_wm_base", 4)
[1822686.607] wl_registry@2.global(10, "gtk_shell1", 5)
[1822686.608] wl_registry@2.global(11, "wp_viewporter", 1)
[1822686.609] wl_registry@2.global(12, "zwp_pointer_gestures_v1", 3)
[1822686.610] wl_registry@2.global(13, "zwp_tablet_manager_v2", 1)
[1822686.611] wl_registry@2.global(14, "wl_seat", 8)
[1822686.612] wl_registry@2.global(15, "zwp_relative_pointer_manager_v1", 1)
[1822686.613] wl_registry@2.global(16, "zwp_pointer_constraints_v1", 1)
[1822686.614] wl_registry@2.global(17, "zxdg_exporter_v1", 1)
[1822686.615] wl_registry@2.global(18, "zxdg_importer_v1", 1)
[1822686.616] wl_registry@2.global(19, "zwp_linux_dmabuf_v1", 4)
[1822686.617] wl_registry@2.global(20, "wp_single_pixel_buffer_manager_v1", 1)
[1822686.618] wl_registry@2.global(21, "zwp_keyboard_shortcuts_inhibit_manager_v1", 1)
[1822686.619] wl_registry@2.global(22, "zwp_text_input_manager_v3", 1)
[1822686.620] wl_registry@2.global(23, "wp_presentation", 1)
[1822686.621] wl_registry@2.global(24, "xdg_activation_v1", 1)
[1822686.624]  -> wl_display@1.sync(new id wl_callback@4)
[1822687.375] wl_display@1.delete_id(4)
[1822687.379] wl_drm@3.device("/dev/dri/renderD128")
[1822687.538] wl_drm@3.format(808669761)
[1822687.540] wl_drm@3.format(808669784)
[1822687.541] wl_drm@3.format(808665665)
[1822687.542] wl_drm@3.format(875713089)
[1822687.542] wl_drm@3.format(875713112)
[1822687.543] wl_drm@3.format(909199186)
[1822687.544] wl_drm@3.format(961959257)
[1822687.545] wl_drm@3.format(825316697)
[1822687.545] wl_drm@3.format(842093913)
[1822687.546] wl_drm@3.format(909202777)
[1822687.547] wl_drm@3.format(875713881)
[1822687.548] wl_drm@3.format(842094158)
[1822687.548] wl_drm@3.format(909203022)
[1822687.549] wl_drm@3.format(1448695129)
[1822687.550] wl_drm@3.capabilities(1)
[1822687.551] wl_callback@4.done(20103)
[1822687.912]  -> wl_display@1.get_registry(new id wl_registry@2)
[1822688.049] wl_registry@2.global(1, "wl_compositor", 5)
[1822688.055] wl_registry@2.global(2, "wl_drm", 2)
[1822688.057]  -> wl_registry@2.bind(2, "wl_drm", 2, new id [unknown]@3)
[1822688.059] wl_registry@2.global(3, "wl_shm", 1)
[1822688.060] wl_registry@2.global(4, "wl_output", 3)
[1822688.061] wl_registry@2.global(5, "zxdg_output_manager_v1", 3)
[1822688.062] wl_registry@2.global(6, "wl_data_device_manager", 3)
[1822688.063] wl_registry@2.global(7, "zwp_primary_selection_device_manager_v1", 1)
[1822688.065] wl_registry@2.global(8, "wl_subcompositor", 1)
[1822688.066] wl_registry@2.global(9, "xdg_wm_base", 4)
[1822688.067] wl_registry@2.global(10, "gtk_shell1", 5)
[1822688.068] wl_registry@2.global(11, "wp_viewporter", 1)
[1822688.069] wl_registry@2.global(12, "zwp_pointer_gestures_v1", 3)
[1822688.070] wl_registry@2.global(13, "zwp_tablet_manager_v2", 1)
[1822688.071] wl_registry@2.global(14, "wl_seat", 8)
[1822688.072] wl_registry@2.global(15, "zwp_relative_pointer_manager_v1", 1)
[1822688.073] wl_registry@2.global(16, "zwp_pointer_constraints_v1", 1)
[1822688.074] wl_registry@2.global(17, "zxdg_exporter_v1", 1)
[1822688.075] wl_registry@2.global(18, "zxdg_importer_v1", 1)
[1822688.076] wl_registry@2.global(19, "zwp_linux_dmabuf_v1", 4)
[1822688.077] wl_registry@2.global(20, "wp_single_pixel_buffer_manager_v1", 1)
[1822688.078] wl_registry@2.global(21, "zwp_keyboard_shortcuts_inhibit_manager_v1", 1)
[1822688.079] wl_registry@2.global(22, "zwp_text_input_manager_v3", 1)
[1822688.080] wl_registry@2.global(23, "wp_presentation", 1)
[1822688.081] wl_registry@2.global(24, "xdg_activation_v1", 1)
[1822688.082]  -> wl_display@1.sync(new id wl_callback@4)
[1822688.350] wl_display@1.delete_id(4)
[1822688.356] wl_drm@3.device("/dev/dri/renderD128")
[1822688.494] wl_drm@3.format(808669761)
[1822688.496] wl_drm@3.format(808669784)
[1822688.497] wl_drm@3.format(808665665)
[1822688.498] wl_drm@3.format(875713089)
[1822688.498] wl_drm@3.format(875713112)
[1822688.499] wl_drm@3.format(909199186)
[1822688.500] wl_drm@3.format(961959257)
[1822688.501] wl_drm@3.format(825316697)
[1822688.502] wl_drm@3.format(842093913)
[1822688.502] wl_drm@3.format(909202777)
[1822688.503] wl_drm@3.format(875713881)
[1822688.504] wl_drm@3.format(842094158)
[1822688.504] wl_drm@3.format(909203022)
[1822688.505] wl_drm@3.format(1448695129)
[1822688.506] wl_drm@3.capabilities(1)
[1822688.507] wl_callback@4.done(20103)
[1822688.593]  -> wl_display@1.get_registry(new id wl_registry@36)
[1822688.596]  -> wl_display@1.sync(new id wl_callback@37)
[1822688.950] wl_display@1.delete_id(35)
[1822688.956] wl_display@1.delete_id(37)
[1822688.957] wl_registry@36.global(1, "wl_compositor", 5)
[1822688.959] wl_registry@36.global(2, "wl_drm", 2)
[1822688.960] wl_registry@36.global(3, "wl_shm", 1)
[1822688.961] wl_registry@36.global(4, "wl_output", 3)
[1822688.962] wl_registry@36.global(5, "zxdg_output_manager_v1", 3)
[1822688.963] wl_registry@36.global(6, "wl_data_device_manager", 3)
[1822688.964] wl_registry@36.global(7, "zwp_primary_selection_device_manager_v1", 1)
[1822688.965] wl_registry@36.global(8, "wl_subcompositor", 1)
[1822688.966] wl_registry@36.global(9, "xdg_wm_base", 4)
[1822688.967] wl_registry@36.global(10, "gtk_shell1", 5)
[1822688.968] wl_registry@36.global(11, "wp_viewporter", 1)
[1822688.969] wl_registry@36.global(12, "zwp_pointer_gestures_v1", 3)
[1822688.970] wl_registry@36.global(13, "zwp_tablet_manager_v2", 1)
[1822688.971] wl_registry@36.global(14, "wl_seat", 8)
[1822688.972] wl_registry@36.global(15, "zwp_relative_pointer_manager_v1", 1)
[1822688.973] wl_registry@36.global(16, "zwp_pointer_constraints_v1", 1)
[1822688.974] wl_registry@36.global(17, "zxdg_exporter_v1", 1)
[1822688.975] wl_registry@36.global(18, "zxdg_importer_v1", 1)
[1822688.976] wl_registry@36.global(19, "zwp_linux_dmabuf_v1", 4)
[1822688.977]  -> wl_registry@36.bind(19, "zwp_linux_dmabuf_v1", 4, new id [unknown]@35)
[1822688.979] wl_registry@36.global(20, "wp_single_pixel_buffer_manager_v1", 1)
[1822688.980] wl_registry@36.global(21, "zwp_keyboard_shortcuts_inhibit_manager_v1", 1)
[1822688.981] wl_registry@36.global(22, "zwp_text_input_manager_v3", 1)
[1822688.982] wl_registry@36.global(23, "wp_presentation", 1)
[1822688.983] wl_registry@36.global(24, "xdg_activation_v1", 1)
[1822688.984] wl_callback@37.done(20103)
[1822688.985]  -> zwp_linux_dmabuf_v1@35.get_default_feedback(new id zwp_linux_dmabuf_feedback_v1@37)
[1822688.987]  -> wl_display@1.sync(new id wl_callback@38)
[1822689.073] wl_display@1.delete_id(38)
[1822689.074] zwp_linux_dmabuf_feedback_v1@37.format_table(fd 10, 1024)
[1822689.084] zwp_linux_dmabuf_feedback_v1@37.main_device(array[8])
[1822689.085] zwp_linux_dmabuf_feedback_v1@37.tranche_target_device(array[8])
[1822689.086] zwp_linux_dmabuf_feedback_v1@37.tranche_flags(0)
[1822689.087] zwp_linux_dmabuf_feedback_v1@37.tranche_formats(array[128])
[1822689.100] zwp_linux_dmabuf_feedback_v1@37.tranche_done()
[1822689.101] zwp_linux_dmabuf_feedback_v1@37.done()
[1822689.102] wl_callback@38.done(20103)
[1822689.103]  -> wl_display@1.sync(new id wl_callback@38)
[1822689.183] wl_display@1.delete_id(38)
[1822689.184] wl_callback@38.done(20103)
[1822689.186]  -> zwp_linux_dmabuf_feedback_v1@37.destroy()
[1822689.196]  -> zwp_linux_dmabuf_v1@35.destroy()
[1822689.201]  -> wl_display@1.get_registry(new id wl_registry@38)
[1822689.202]  -> wl_display@1.sync(new id wl_callback@39)
[1822689.303] wl_display@1.delete_id(37)
[1822689.305] wl_display@1.delete_id(35)
[1822689.305] wl_display@1.delete_id(39)
[1822689.306] wl_registry@38.global(1, "wl_compositor", 5)
[1822689.308] wl_registry@38.global(2, "wl_drm", 2)
[1822689.309] wl_registry@38.global(3, "wl_shm", 1)
[1822689.310] wl_registry@38.global(4, "wl_output", 3)
[1822689.311] wl_registry@38.global(5, "zxdg_output_manager_v1", 3)
[1822689.312] wl_registry@38.global(6, "wl_data_device_manager", 3)
[1822689.313] wl_registry@38.global(7, "zwp_primary_selection_device_manager_v1", 1)
[1822689.314] wl_registry@38.global(8, "wl_subcompositor", 1)
[1822689.315] wl_registry@38.global(9, "xdg_wm_base", 4)
[1822689.316] wl_registry@38.global(10, "gtk_shell1", 5)
[1822689.317] wl_registry@38.global(11, "wp_viewporter", 1)
[1822689.318] wl_registry@38.global(12, "zwp_pointer_gestures_v1", 3)
[1822689.319] wl_registry@38.global(13, "zwp_tablet_manager_v2", 1)
[1822689.320] wl_registry@38.global(14, "wl_seat", 8)
[1822689.321] wl_registry@38.global(15, "zwp_relative_pointer_manager_v1", 1)
[1822689.322] wl_registry@38.global(16, "zwp_pointer_constraints_v1", 1)
[1822689.323] wl_registry@38.global(17, "zxdg_exporter_v1", 1)
[1822689.324] wl_registry@38.global(18, "zxdg_importer_v1", 1)
[1822689.325] wl_registry@38.global(19, "zwp_linux_dmabuf_v1", 4)
[1822689.326]  -> wl_registry@38.bind(19, "zwp_linux_dmabuf_v1", 4, new id [unknown]@35)
[1822689.328] wl_registry@38.global(20, "wp_single_pixel_buffer_manager_v1", 1)
[1822689.329] wl_registry@38.global(21, "zwp_keyboard_shortcuts_inhibit_manager_v1", 1)
[1822689.330] wl_registry@38.global(22, "zwp_text_input_manager_v3", 1)
[1822689.331] wl_registry@38.global(23, "wp_presentation", 1)
[1822689.332] wl_registry@38.global(24, "xdg_activation_v1", 1)
[1822689.333] wl_callback@39.done(20103)
[1822689.334]  -> zwp_linux_dmabuf_v1@35.get_default_feedback(new id zwp_linux_dmabuf_feedback_v1@39)
[1822689.335]  -> wl_display@1.sync(new id wl_callback@37)
[1822689.373] wl_display@1.delete_id(37)
[1822689.374] zwp_linux_dmabuf_feedback_v1@39.format_table(fd 10, 1024)
[1822689.377] zwp_linux_dmabuf_feedback_v1@39.main_device(array[8])
[1822689.378] zwp_linux_dmabuf_feedback_v1@39.tranche_target_device(array[8])
[1822689.379] zwp_linux_dmabuf_feedback_v1@39.tranche_flags(0)
[1822689.380] zwp_linux_dmabuf_feedback_v1@39.tranche_formats(array[128])
[1822689.385] zwp_linux_dmabuf_feedback_v1@39.tranche_done()
[1822689.386] zwp_linux_dmabuf_feedback_v1@39.done()
[1822689.387] wl_callback@37.done(20103)
[1822689.388]  -> wl_display@1.sync(new id wl_callback@37)
[1822689.414] wl_display@1.delete_id(37)
[1822689.416] wl_callback@37.done(20103)
[1822689.417]  -> zwp_linux_dmabuf_feedback_v1@39.destroy()
[1822689.420]  -> zwp_linux_dmabuf_v1@35.destroy()
[1822691.078]  -> wl_display@1.get_registry(new id wl_registry@37)
[1822691.083]  -> wl_display@1.sync(new id wl_callback@40)
[1822691.152] wl_display@1.delete_id(39)
[1822691.154] wl_display@1.delete_id(35)
[1822691.155] wl_display@1.delete_id(40)
[1822691.156] wl_registry@37.global(1, "wl_compositor", 5)
[1822691.158] wl_registry@37.global(2, "wl_drm", 2)
[1822691.159] wl_registry@37.global(3, "wl_shm", 1)
[1822691.160] wl_registry@37.global(4, "wl_output", 3)
[1822691.161] wl_registry@37.global(5, "zxdg_output_manager_v1", 3)
[1822691.162] wl_registry@37.global(6, "wl_data_device_manager", 3)
[1822691.163] wl_registry@37.global(7, "zwp_primary_selection_device_manager_v1", 1)
[1822691.164] wl_registry@37.global(8, "wl_subcompositor", 1)
[1822691.165] wl_registry@37.global(9, "xdg_wm_base", 4)
[1822691.166] wl_registry@37.global(10, "gtk_shell1", 5)
[1822691.167] wl_registry@37.global(11, "wp_viewporter", 1)
[1822691.168] wl_registry@37.global(12, "zwp_pointer_gestures_v1", 3)
[1822691.169] wl_registry@37.global(13, "zwp_tablet_manager_v2", 1)
[1822691.170] wl_registry@37.global(14, "wl_seat", 8)
[1822691.171] wl_registry@37.global(15, "zwp_relative_pointer_manager_v1", 1)
[1822691.172] wl_registry@37.global(16, "zwp_pointer_constraints_v1", 1)
[1822691.173] wl_registry@37.global(17, "zxdg_exporter_v1", 1)
[1822691.174] wl_registry@37.global(18, "zxdg_importer_v1", 1)
[1822691.175] wl_registry@37.global(19, "zwp_linux_dmabuf_v1", 4)
[1822691.177]  -> wl_registry@37.bind(19, "zwp_linux_dmabuf_v1", 4, new id [unknown]@35)
[1822691.178] wl_registry@37.global(20, "wp_single_pixel_buffer_manager_v1", 1)
[1822691.179] wl_registry@37.global(21, "zwp_keyboard_shortcuts_inhibit_manager_v1", 1)
[1822691.181] wl_registry@37.global(22, "zwp_text_input_manager_v3", 1)
[1822691.182] wl_registry@37.global(23, "wp_presentation", 1)
[1822691.183] wl_registry@37.global(24, "xdg_activation_v1", 1)
[1822691.184] wl_callback@40.done(20103)
[1822691.185]  -> zwp_linux_dmabuf_v1@35.get_default_feedback(new id zwp_linux_dmabuf_feedback_v1@40)
[1822691.187]  -> wl_display@1.sync(new id wl_callback@39)
[1822691.220] wl_display@1.delete_id(39)
[1822691.221] zwp_linux_dmabuf_feedback_v1@40.format_table(fd 18, 1024)
[1822691.225] zwp_linux_dmabuf_feedback_v1@40.main_device(array[8])
[1822691.227] zwp_linux_dmabuf_feedback_v1@40.tranche_target_device(array[8])
[1822691.228] zwp_linux_dmabuf_feedback_v1@40.tranche_flags(0)
[1822691.228] zwp_linux_dmabuf_feedback_v1@40.tranche_formats(array[128])
[1822691.235] zwp_linux_dmabuf_feedback_v1@40.tranche_done()
[1822691.236] zwp_linux_dmabuf_feedback_v1@40.done()
[1822691.237] wl_callback@39.done(20103)
[1822691.238]  -> wl_display@1.sync(new id wl_callback@39)
[1822691.262] wl_display@1.delete_id(39)
[1822691.264] wl_callback@39.done(20103)
[1822691.265]  -> zwp_linux_dmabuf_feedback_v1@40.destroy()
[1822691.272]  -> zwp_linux_dmabuf_v1@35.get_surface_feedback(new id zwp_linux_dmabuf_feedback_v1@39, wl_surface@21)
[1822691.274]  -> wl_display@1.sync(new id wl_callback@41)
[1822691.313] wl_display@1.delete_id(40)
[1822691.314] wl_display@1.delete_id(41)
[1822691.315] zwp_linux_dmabuf_feedback_v1@39.format_table(fd 18, 1024)
[1822691.319] zwp_linux_dmabuf_feedback_v1@39.main_device(array[8])
[1822691.320] zwp_linux_dmabuf_feedback_v1@39.tranche_target_device(array[8])
[1822691.321] zwp_linux_dmabuf_feedback_v1@39.tranche_flags(0)
[1822691.322] zwp_linux_dmabuf_feedback_v1@39.tranche_formats(array[128])
[1822691.327] zwp_linux_dmabuf_feedback_v1@39.tranche_done()
[1822691.328] zwp_linux_dmabuf_feedback_v1@39.done()
[1822691.329] wl_callback@41.done(20103)
[1822691.352]  -> zwp_linux_dmabuf_v1@35.create_params(new id zwp_linux_buffer_params_v1@41)
[1822691.355]  -> zwp_linux_buffer_params_v1@41.add(fd 19, 0, 0, 3584, 16777216, 2)
[1822691.357]  -> zwp_linux_buffer_params_v1@41.create_immed(new id wl_buffer@40, 800, 600, 875713112, 0)
[1822691.359]  -> zwp_linux_buffer_params_v1@41.destroy()
[1822691.365]  -> zwp_linux_dmabuf_v1@35.create_params(new id zwp_linux_buffer_params_v1@42)
[1822691.367]  -> zwp_linux_buffer_params_v1@42.add(fd 21, 0, 0, 3584, 16777216, 2)
[1822691.368]  -> zwp_linux_buffer_params_v1@42.create_immed(new id wl_buffer@43, 800, 600, 875713112, 0)
[1822691.370]  -> zwp_linux_buffer_params_v1@42.destroy()
[1822691.375]  -> zwp_linux_dmabuf_v1@35.create_params(new id zwp_linux_buffer_params_v1@44)
[1822691.377]  -> zwp_linux_buffer_params_v1@44.add(fd 23, 0, 0, 3584, 16777216, 2)
[1822691.378]  -> zwp_linux_buffer_params_v1@44.create_immed(new id wl_buffer@45, 800, 600, 875713112, 0)
[1822691.379]  -> zwp_linux_buffer_params_v1@44.destroy()
[1823139.785]  -> wl_shm_pool@25.resize(156288)
[1823139.828]  -> wl_shm_pool@25.create_buffer(new id wl_buffer@46, 0, 888, 44, 3552, 0)
[1823141.661]  -> wl_subsurface@26.set_sync()
[1823141.667]  -> wl_surface@24.set_buffer_scale(1)
[1823141.671]  -> wl_subsurface@26.set_position(-44, -79)
[1823141.676]  -> wl_surface@24.attach(wl_buffer@46, 0, 0)
[1823141.681]  -> wl_surface@24.damage_buffer(0, 0, 2147483647, 2147483647)
[1823141.688]  -> wl_compositor@3.create_region(new id wl_region@47)
[1823141.695]  -> wl_region@47.add(32, 32, 824, 12)
[1823141.699]  -> wl_surface@24.set_input_region(wl_region@47)
[1823141.701]  -> wl_region@47.destroy()
[1823141.706]  -> wl_surface@24.commit()
[1823141.711]  -> wl_shm_pool@25.resize(312576)
[1823141.730]  -> wl_shm_pool@25.create_buffer(new id wl_buffer@48, 156288, 44, 635, 176, 0)
[1823143.259]  -> wl_subsurface@28.set_sync()
[1823143.262]  -> wl_surface@27.set_buffer_scale(1)
[1823143.265]  -> wl_subsurface@28.set_position(-44, -35)
[1823143.268]  -> wl_surface@27.attach(wl_buffer@48, 0, 0)
[1823143.271]  -> wl_surface@27.damage_buffer(0, 0, 2147483647, 2147483647)
[1823143.274]  -> wl_compositor@3.create_region(new id wl_region@49)
[1823143.279]  -> wl_region@49.add(32, 0, 12, 635)
[1823143.281]  -> wl_surface@27.set_input_region(wl_region@49)
[1823143.284]  -> wl_region@49.destroy()
[1823143.287]  -> wl_surface@27.commit()
[1823143.291]  -> wl_shm_pool@25.resize(625152)
[1823143.308]  -> wl_shm_pool@25.create_buffer(new id wl_buffer@50, 268096, 44, 635, 176, 0)
[1823144.675]  -> wl_subsurface@30.set_sync()
[1823144.678]  -> wl_surface@29.set_buffer_scale(1)
[1823144.680]  -> wl_subsurface@30.set_position(800, -35)
[1823144.683]  -> wl_surface@29.attach(wl_buffer@50, 0, 0)
[1823144.686]  -> wl_surface@29.damage_buffer(0, 0, 2147483647, 2147483647)
[1823144.689]  -> wl_compositor@3.create_region(new id wl_region@51)
[1823144.693]  -> wl_region@51.add(0, 0, 12, 635)
[1823144.696]  -> wl_surface@29.set_input_region(wl_region@51)
[1823144.698]  -> wl_region@51.destroy()
[1823144.700]  -> wl_surface@29.commit()
[1823144.705]  -> wl_shm_pool@25.create_buffer(new id wl_buffer@52, 379904, 888, 44, 3552, 0)
[1823145.649]  -> wl_subsurface@32.set_sync()
[1823145.652]  -> wl_surface@31.set_buffer_scale(1)
[1823145.654]  -> wl_subsurface@32.set_position(-44, 600)
[1823145.657]  -> wl_surface@31.attach(wl_buffer@52, 0, 0)
[1823145.659]  -> wl_surface@31.damage_buffer(0, 0, 2147483647, 2147483647)
[1823145.662]  -> wl_compositor@3.create_region(new id wl_region@53)
[1823145.666]  -> wl_region@53.add(32, 0, 824, 12)
[1823145.669]  -> wl_surface@31.set_input_region(wl_region@53)
[1823145.670]  -> wl_region@53.destroy()
[1823145.673]  -> wl_surface@31.commit()
[1823145.676]  -> wl_shm_pool@25.resize(1250304)
[1823145.696]  -> wl_shm_pool@25.create_buffer(new id wl_buffer@54, 536192, 802, 35, 3208, 0)
[1823147.374]  -> wl_subsurface@34.set_sync()
[1823147.381]  -> wl_surface@33.set_buffer_scale(1)
[1823147.385]  -> wl_subsurface@34.set_position(-1, -35)
[1823147.389]  -> wl_surface@33.attach(wl_buffer@54, 0, 0)
[1823147.392]  -> wl_surface@33.damage_buffer(0, 0, 2147483647, 2147483647)
[1823147.395]  -> wl_surface@33.commit()
[1825459.850] wl_display@1.delete_id(41)
[1825459.858] wl_display@1.delete_id(42)
[1825459.859] wl_display@1.delete_id(44)
[1825459.861] wl_display@1.delete_id(47)
[1825459.861] wl_display@1.delete_id(49)
[1825459.862] wl_display@1.delete_id(51)
[1825459.863] wl_display@1.delete_id(53)
[1825459.864] xdg_wm_base@10.ping(6494418)
[1825459.899]  -> xdg_wm_base@10.pong(6494418)
